<?xml version="1.0" encoding="UTF-8"?>
<!-- Generated by org.testng.reporters.JUnitReportReporter -->
<testsuite hostname="DESKTOP-06HKC9B" failures="0" tests="1" name="scenarios.AndroidSetup" time="40.955" errors="0" timestamp="14 Aug 2019 08:48:26 GMT" skipped="0">
  <testcase classname="scenarios.AndroidSetup" name="savorly" time="40.955"/>
</testsuite> <!-- scenarios.AndroidSetup -->
